\BOOKMARK [1][-]{section.1}{Introduction}{}% 1
\BOOKMARK [2][-]{subsection.1.1}{Goal}{section.1}% 2
\BOOKMARK [2][-]{subsection.1.2}{Project Summary}{section.1}% 3
\BOOKMARK [2][-]{subsection.1.3}{Document Purpose}{section.1}% 4
\BOOKMARK [2][-]{subsection.1.4}{Definition of Terms}{section.1}% 5
\BOOKMARK [3][-]{subsubsection.1.4.1}{ROS - Additional Info}{subsection.1.4}% 6
\BOOKMARK [1][-]{section.2}{Meetings and Minutes}{}% 7
\BOOKMARK [2][-]{subsection.2.1}{5/15/2018 Team Meeting 1 Notes}{section.2}% 8
\BOOKMARK [2][-]{subsection.2.2}{5/24/2018 Team Meeting 2 Notes}{section.2}% 9
\BOOKMARK [2][-]{subsection.2.3}{5/31/2018 Team Meeting 3 Notes}{section.2}% 10
\BOOKMARK [2][-]{subsection.2.4}{6/5/2018 Team Meeting 4 Notes}{section.2}% 11
\BOOKMARK [2][-]{subsection.2.5}{IWRRI Meeting - July 26th Launch Discussion}{section.2}% 12
\BOOKMARK [2][-]{subsection.2.6}{7/10/2018 Team Meeting 5 Notes}{section.2}% 13
\BOOKMARK [1][-]{section.3}{Project Learning}{}% 14
\BOOKMARK [2][-]{subsection.3.1}{Team Info}{section.3}% 15
\BOOKMARK [2][-]{subsection.3.2}{Proof of Design}{section.3}% 16
\BOOKMARK [1][-]{section.4}{Design Goals}{}% 17
\BOOKMARK [1][-]{section.5}{Specifications and Constraints}{}% 18
\BOOKMARK [1][-]{section.6}{System Diagrams}{}% 19
\BOOKMARK [1][-]{section.7}{Analysis of Alternatives}{}% 20
\BOOKMARK [1][-]{section.8}{Engineering Model}{}% 21
\BOOKMARK [1][-]{section.9}{Manufacturing/Assembly Plan}{}% 22
\BOOKMARK [1][-]{section.10}{Experimental Design}{}% 23
\BOOKMARK [1][-]{section.11}{Data Analysis}{}% 24
\BOOKMARK [1][-]{section.12}{Balance Sheet}{}% 25
\BOOKMARK [1][-]{section.13}{Other Items}{}% 26
