\BOOKMARK [1][-]{section.1}{1 Introduction}{}% 1
\BOOKMARK [1][-]{section.2}{2 Basic Operations}{}% 2
\BOOKMARK [2][-]{subsection.2.1}{2.1 Components}{section.2}% 3
\BOOKMARK [2][-]{subsection.2.2}{2.2 Schematics}{section.2}% 4
\BOOKMARK [2][-]{subsection.2.3}{2.3 Controller Layout}{section.2}% 5
\BOOKMARK [2][-]{subsection.2.4}{2.4 Wiring Pins List}{section.2}% 6
\BOOKMARK [2][-]{subsection.2.5}{2.5 Power on/off}{section.2}% 7
\BOOKMARK [2][-]{subsection.2.6}{2.6 Charging Battery}{section.2}% 8
\BOOKMARK [2][-]{subsection.2.7}{2.7 Deployment}{section.2}% 9
\BOOKMARK [2][-]{subsection.2.8}{2.8 Catfish Collection}{section.2}% 10
\BOOKMARK [2][-]{subsection.2.9}{2.9 Checks}{section.2}% 11
\BOOKMARK [2][-]{subsection.2.10}{2.10 Getting Inside the Catfish}{section.2}% 12
\BOOKMARK [1][-]{section.3}{3 Using Software}{}% 13
\BOOKMARK [2][-]{subsection.3.1}{3.1 Connecting to the Submarine}{section.3}% 14
\BOOKMARK [2][-]{subsection.3.2}{3.2 Moving the Submarine}{section.3}% 15
\BOOKMARK [2][-]{subsection.3.3}{3.3 Taking Pics/Video}{section.3}% 16
\BOOKMARK [1][-]{section.4}{4 System Configuration}{}% 17
\BOOKMARK [2][-]{subsection.4.1}{4.1 Configuring 3D map?}{section.4}% 18
\BOOKMARK [2][-]{subsection.4.2}{4.2 Changing the Raspberry Pi IP's}{section.4}% 19
\BOOKMARK [1][-]{section.5}{5 Consumer Info}{}% 20
\BOOKMARK [2][-]{subsection.5.1}{5.1 Troubleshooting}{section.5}% 21
